# JRE version: OpenJDK Runtime Environment Temurin-17.0.2+8 (17.0.2+8) (build 17.0.2+8)
# Java VM: OpenJDK 64-Bit Server VM Temurin-17.0.2+8 (17.0.2+8, mixed mode, emulated-client, tiered, compressed oops, compressed class ptrs, g1 gc, windows-amd64)
GC Precious Log:
 CPUs: 4 total, 4 available
 Memory: 7832M
 Large Page Support: Disabled
 NUMA Support: Disabled
 Compressed Oops: Enabled (32-bit)
 Heap Region Size: 1M
 Heap Min Capacity: 8M
 Heap Initial Capacity: 124M
 Heap Max Capacity: 1960M
 Pre-touch: Disabled
 Parallel Workers: 4
 Concurrent Workers: 1
 Concurrent Refinement Workers: 4
 Periodic GC: Disabled
Heap:
 garbage-first heap   total 37888K, used 18017K [0x0000000085800000, 0x0000000100000000)
  region size 1024K, 6 young (6144K), 0 survivors (0K)
 Metaspace       used 32931K, committed 33408K, reserved 1081344K
  class space    used 4306K, committed 4480K, reserved 1048576K
GC Heap History (20 events):
Event: 84216.395 GC heap before
{Heap before GC invocations=2066 (full 2052):
 garbage-first heap   total 37888K, used 15970K [0x0000000085800000, 0x0000000100000000)
  region size 1024K, 4 young (4096K), 0 survivors (0K)
 Metaspace       used 32931K, committed 33408K, reserved 1081344K
  class space    used 4306K, committed 4480K, reserved 1048576K
}
Event: 84216.441 GC heap after
{Heap after GC invocations=2067 (full 2053):
 garbage-first heap   total 37888K, used 12897K [0x0000000085800000, 0x0000000100000000)
  region size 1024K, 0 young (0K), 0 survivors (0K)
 Metaspace       used 32931K, committed 33408K, reserved 1081344K
  class space    used 4306K, committed 4480K, reserved 1048576K
}
Event: 84226.865 GC heap before
{Heap before GC invocations=2067 (full 2053):
 garbage-first heap   total 37888K, used 15969K [0x0000000085800000, 0x0000000100000000)
  region size 1024K, 4 young (4096K), 0 survivors (0K)
 Metaspace       used 32931K, committed 33408K, reserved 1081344K
  class space    used 4306K, committed 4480K, reserved 1048576K
}
Event: 84226.882 GC heap after
{Heap after GC invocations=2068 (full 2054):
 garbage-first heap   total 37888K, used 12897K [0x0000000085800000, 0x0000000100000000)
  region size 1024K, 0 young (0K), 0 survivors (0K)
 Metaspace       used 32931K, committed 33408K, reserved 1081344K
  class space    used 4306K, committed 4480K, reserved 1048576K
}
Event: 84237.100 GC heap before
{Heap before GC invocations=2068 (full 2054):
 garbage-first heap   total 37888K, used 15969K [0x0000000085800000, 0x0000000100000000)
  region size 1024K, 4 young (4096K), 0 survivors (0K)
 Metaspace       used 32931K, committed 33408K, reserved 1081344K
  class space    used 4306K, committed 4480K, reserved 1048576K
}
Event: 84237.118 GC heap after
{Heap after GC invocations=2069 (full 2055):
 garbage-first heap   total 37888K, used 12897K [0x0000000085800000, 0x0000000100000000)
  region size 1024K, 0 young (0K), 0 survivors (0K)
 Metaspace       used 32931K, committed 33408K, reserved 1081344K
  class space    used 4306K, committed 4480K, reserved 1048576K
}
Event: 84247.351 GC heap before
{Heap before GC invocations=2069 (full 2055):
 garbage-first heap   total 37888K, used 15969K [0x0000000085800000, 0x0000000100000000)
  region size 1024K, 4 young (4096K), 0 survivors (0K)
 Metaspace       used 32931K, committed 33408K, reserved 1081344K
  class space    used 4306K, committed 4480K, reserved 1048576K
}
Event: 84247.369 GC heap after
{Heap after GC invocations=2070 (full 2056):
 garbage-first heap   total 37888K, used 12897K [0x0000000085800000, 0x0000000100000000)
  region size 1024K, 0 young (0K), 0 survivors (0K)
 Metaspace       used 32931K, committed 33408K, reserved 1081344K
  class space    used 4306K, committed 4480K, reserved 1048576K
}
Event: 84257.547 GC heap before
{Heap before GC invocations=2070 (full 2056):
 garbage-first heap   total 37888K, used 15969K [0x0000000085800000, 0x0000000100000000)
  region size 1024K, 4 young (4096K), 0 survivors (0K)
 Metaspace       used 32931K, committed 33408K, reserved 1081344K
  class space    used 4306K, committed 4480K, reserved 1048576K
}
Event: 84257.586 GC heap after
{Heap after GC invocations=2071 (full 2057):
 garbage-first heap   total 37888K, used 12897K [0x0000000085800000, 0x0000000100000000)
  region size 1024K, 0 young (0K), 0 survivors (0K)
 Metaspace       used 32931K, committed 33408K, reserved 1081344K
  class space    used 4306K, committed 4480K, reserved 1048576K
}
Event: 84267.784 GC heap before
{Heap before GC invocations=2071 (full 2057):
 garbage-first heap   total 37888K, used 15969K [0x0000000085800000, 0x0000000100000000)
  region size 1024K, 4 young (4096K), 0 survivors (0K)
 Metaspace       used 32931K, committed 33408K, reserved 1081344K
  class space    used 4306K, committed 4480K, reserved 1048576K
}
Event: 84267.802 GC heap after
{Heap after GC invocations=2072 (full 2058):
 garbage-first heap   total 37888K, used 12897K [0x0000000085800000, 0x0000000100000000)
  region size 1024K, 0 young (0K), 0 survivors (0K)
 Metaspace       used 32931K, committed 33408K, reserved 1081344K
  class space    used 4306K, committed 4480K, reserved 1048576K
}
Event: 84278.006 GC heap before
{Heap before GC invocations=2072 (full 2058):
 garbage-first heap   total 37888K, used 15969K [0x0000000085800000, 0x0000000100000000)
  region size 1024K, 4 young (4096K), 0 survivors (0K)
 Metaspace       used 32931K, committed 33408K, reserved 1081344K
  class space    used 4306K, committed 4480K, reserved 1048576K
}
Event: 84278.025 GC heap after
{Heap after GC invocations=2073 (full 2059):
 garbage-first heap   total 37888K, used 12897K [0x0000000085800000, 0x0000000100000000)
  region size 1024K, 0 young (0K), 0 survivors (0K)
 Metaspace       used 32931K, committed 33408K, reserved 1081344K
  class space    used 4306K, committed 4480K, reserved 1048576K
}
Event: 84288.199 GC heap before
{Heap before GC invocations=2073 (full 2059):
 garbage-first heap   total 37888K, used 15969K [0x0000000085800000, 0x0000000100000000)
  region size 1024K, 4 young (4096K), 0 survivors (0K)
 Metaspace       used 32931K, committed 33408K, reserved 1081344K
  class space    used 4306K, committed 4480K, reserved 1048576K
}
Event: 84288.236 GC heap after
{Heap after GC invocations=2074 (full 2060):
 garbage-first heap   total 37888K, used 12897K [0x0000000085800000, 0x0000000100000000)
  region size 1024K, 0 young (0K), 0 survivors (0K)
 Metaspace       used 32931K, committed 33408K, reserved 1081344K
  class space    used 4306K, committed 4480K, reserved 1048576K
}
Event: 84298.387 GC heap before
{Heap before GC invocations=2074 (full 2060):
 garbage-first heap   total 37888K, used 15969K [0x0000000085800000, 0x0000000100000000)
  region size 1024K, 4 young (4096K), 0 survivors (0K)
 Metaspace       used 32931K, committed 33408K, reserved 1081344K
  class space    used 4306K, committed 4480K, reserved 1048576K
}
Event: 84298.406 GC heap after
{Heap after GC invocations=2075 (full 2061):
 garbage-first heap   total 37888K, used 12897K [0x0000000085800000, 0x0000000100000000)
  region size 1024K, 0 young (0K), 0 survivors (0K)
 Metaspace       used 32931K, committed 33408K, reserved 1081344K
  class space    used 4306K, committed 4480K, reserved 1048576K
}
Event: 84309.562 GC heap before
{Heap before GC invocations=2075 (full 2061):
 garbage-first heap   total 37888K, used 15969K [0x0000000085800000, 0x0000000100000000)
  region size 1024K, 4 young (4096K), 0 survivors (0K)
 Metaspace       used 32931K, committed 33408K, reserved 1081344K
  class space    used 4306K, committed 4480K, reserved 1048576K
}
Event: 84309.589 GC heap after
{Heap after GC invocations=2076 (full 2062):
 garbage-first heap   total 37888K, used 12897K [0x0000000085800000, 0x0000000100000000)
  region size 1024K, 0 young (0K), 0 survivors (0K)
 Metaspace       used 32931K, committed 33408K, reserved 1081344K
  class space    used 4306K, committed 4480K, reserved 1048576K
}

